Determining if the pthread_create exist failed with the following output:
Change Dir: /home/zhouhua/ros_new_mav/src/offboard/cmake-build-debug/CMakeFiles/CMakeTmp

Run Build Command(s):/usr/bin/make cmTC_acf60/fast 
/usr/bin/make -f CMakeFiles/cmTC_acf60.dir/build.make CMakeFiles/cmTC_acf60.dir/build
make[1]: Entering directory '/home/zhouhua/ros_new_mav/src/offboard/cmake-build-debug/CMakeFiles/CMakeTmp'
Building C object CMakeFiles/cmTC_acf60.dir/CheckSymbolExists.c.o
/usr/bin/cc    -o CMakeFiles/cmTC_acf60.dir/CheckSymbolExists.c.o   -c /home/zhouhua/ros_new_mav/src/offboard/cmake-build-debug/CMakeFiles/CMakeTmp/CheckSymbolExists.c
Linking C executable cmTC_acf60
/home/zhouhua/.local/share/JetBrains/Toolbox/apps/CLion/ch-0/191.7479.33/bin/cmake/linux/bin/cmake -E cmake_link_script CMakeFiles/cmTC_acf60.dir/link.txt --verbose=1
/usr/bin/cc      -rdynamic CMakeFiles/cmTC_acf60.dir/CheckSymbolExists.c.o  -o cmTC_acf60 
CMakeFiles/cmTC_acf60.dir/CheckSymbolExists.c.o: In function `main':
CheckSymbolExists.c:(.text+0x16): undefined reference to `pthread_create'
collect2: error: ld returned 1 exit status
CMakeFiles/cmTC_acf60.dir/build.make:86: recipe for target 'cmTC_acf60' failed
make[1]: *** [cmTC_acf60] Error 1
make[1]: Leaving directory '/home/zhouhua/ros_new_mav/src/offboard/cmake-build-debug/CMakeFiles/CMakeTmp'
Makefile:121: recipe for target 'cmTC_acf60/fast' failed
make: *** [cmTC_acf60/fast] Error 2

File /home/zhouhua/ros_new_mav/src/offboard/cmake-build-debug/CMakeFiles/CMakeTmp/CheckSymbolExists.c:
/* */
#include <pthread.h>

int main(int argc, char** argv)
{
  (void)argv;
#ifndef pthread_create
  return ((int*)(&pthread_create))[argc];
#else
  (void)argc;
  return 0;
#endif
}

Determining if the function pthread_create exists in the pthreads failed with the following output:
Change Dir: /home/zhouhua/ros_new_mav/src/offboard/cmake-build-debug/CMakeFiles/CMakeTmp

Run Build Command(s):/usr/bin/make cmTC_a3bf9/fast 
/usr/bin/make -f CMakeFiles/cmTC_a3bf9.dir/build.make CMakeFiles/cmTC_a3bf9.dir/build
make[1]: Entering directory '/home/zhouhua/ros_new_mav/src/offboard/cmake-build-debug/CMakeFiles/CMakeTmp'
Building C object CMakeFiles/cmTC_a3bf9.dir/CheckFunctionExists.c.o
/usr/bin/cc   -DCHECK_FUNCTION_EXISTS=pthread_create   -o CMakeFiles/cmTC_a3bf9.dir/CheckFunctionExists.c.o   -c /home/zhouhua/.local/share/JetBrains/Toolbox/apps/CLion/ch-0/191.7479.33/bin/cmake/linux/share/cmake-3.14/Modules/CheckFunctionExists.c
Linking C executable cmTC_a3bf9
/home/zhouhua/.local/share/JetBrains/Toolbox/apps/CLion/ch-0/191.7479.33/bin/cmake/linux/bin/cmake -E cmake_link_script CMakeFiles/cmTC_a3bf9.dir/link.txt --verbose=1
/usr/bin/cc  -DCHECK_FUNCTION_EXISTS=pthread_create    -rdynamic CMakeFiles/cmTC_a3bf9.dir/CheckFunctionExists.c.o  -o cmTC_a3bf9 -lpthreads 
/usr/bin/ld: cannot find -lpthreads
collect2: error: ld returned 1 exit status
CMakeFiles/cmTC_a3bf9.dir/build.make:86: recipe for target 'cmTC_a3bf9' failed
make[1]: *** [cmTC_a3bf9] Error 1
make[1]: Leaving directory '/home/zhouhua/ros_new_mav/src/offboard/cmake-build-debug/CMakeFiles/CMakeTmp'
Makefile:121: recipe for target 'cmTC_a3bf9/fast' failed
make: *** [cmTC_a3bf9/fast] Error 2


